[0m09:43:19.403704 [debug] [MainThread]: Sending event: {'category': 'dbt', 'action': 'invocation', 'label': 'start', 'context': [<snowplow_tracker.self_describing_json.SelfDescribingJson object at 0x0000021F7C1E55E0>, <snowplow_tracker.self_describing_json.SelfDescribingJson object at 0x0000021F7C1E56A0>, <snowplow_tracker.self_describing_json.SelfDescribingJson object at 0x0000021F7C1E5910>]}


============================== 09:43:19.414999 | 7f7d914b-a308-4f6b-b7b6-8fb1c959583f ==============================
[0m09:43:19.414999 [info ] [MainThread]: Running with dbt=1.7.4
[0m09:43:19.414999 [debug] [MainThread]: running dbt with arguments {'printer_width': '80', 'indirect_selection': 'eager', 'log_cache_events': 'False', 'write_json': 'True', 'partial_parse': 'True', 'cache_selected_only': 'False', 'warn_error': 'None', 'version_check': 'True', 'debug': 'False', 'log_path': 'logs', 'fail_fast': 'False', 'profiles_dir': 'C:\\Users\\Eshetu\\.dbt', 'use_colors': 'True', 'use_experimental_parser': 'False', 'no_print': 'None', 'quiet': 'False', 'log_format': 'default', 'introspect': 'True', 'invocation_command': 'dbt init dbt_project', 'warn_error_options': 'WarnErrorOptions(include=[], exclude=[])', 'target_path': 'None', 'static_parser': 'True', 'send_anonymous_usage_stats': 'True'}
[0m09:43:19.414999 [warn ] [MainThread]: [ConfigFolderDirectory]: Unable to parse dict {'dir': WindowsPath('C:/Users/Eshetu/.dbt')}
[0m09:43:19.414999 [info ] [MainThread]: Creating dbt configuration folder at 
[0m09:43:19.422828 [debug] [MainThread]: Starter project path: C:\Users\Eshetu\AppData\Local\Programs\Python\Python312\Lib\site-packages\dbt\include\starter_project
[0m09:43:19.456600 [info ] [MainThread]: 
Your new dbt project "dbt_project" was created!

For more information on how to configure the profiles.yml file,
please consult the dbt documentation here:

  https://docs.getdbt.com/docs/configure-your-profile

One more thing:

Need help? Don't hesitate to reach out to us via GitHub issues or on Slack:

  https://community.getdbt.com/

Happy modeling!

[0m09:43:19.456600 [info ] [MainThread]: Setting up your profile.
[0m09:44:31.831666 [info ] [MainThread]: Profile dbt_project written to C:\Users\Eshetu\.dbt\profiles.yml using target's profile_template.yml and your supplied values. Run 'dbt debug' to validate the connection.
[0m09:44:31.831666 [debug] [MainThread]: Command `dbt init` succeeded at 09:44:31.831666 after 72.48 seconds
[0m09:44:31.831666 [debug] [MainThread]: Sending event: {'category': 'dbt', 'action': 'invocation', 'label': 'end', 'context': [<snowplow_tracker.self_describing_json.SelfDescribingJson object at 0x0000021F75805460>, <snowplow_tracker.self_describing_json.SelfDescribingJson object at 0x0000021F7BEEAED0>, <snowplow_tracker.self_describing_json.SelfDescribingJson object at 0x0000021F7C299D30>]}
[0m09:44:31.831666 [debug] [MainThread]: Flushing usage events
